

Started GET "/" for 127.0.0.1 at 2012-10-09 12:13:18 +0200
  Processing by FortunesController#index as HTML
Rendered fortunes/index.html.erb within layouts/application (118.7ms)
Completed 500 Internal Server Error in 521ms

ActionView::Template::Error (Could not find table 'fortunes'):
    7:   </p>
    8: <% end %>
    9: 
    10: <% @fortunes.each do |fortune| %>
    11: <article class="index">
    12: <p style="border-style:dotted; border-color:black;">
    13:   <div class="attribute">
  app/views/fortunes/index.html.erb:10:in `_app_views_fortunes_index_html_erb___3983845020295596130_25511000'
  app/controllers/fortunes_controller.rb:7:in `index'

Rendered /home/piotr/.rvm/gems/ruby-1.9.3-p194/gems/actionpack-3.1.1/lib/action_dispatch/middleware/templates/rescues/_trace.erb (3.9ms)
Rendered /home/piotr/.rvm/gems/ruby-1.9.3-p194/gems/actionpack-3.1.1/lib/action_dispatch/middleware/templates/rescues/_request_and_response.erb (2.9ms)
Rendered /home/piotr/.rvm/gems/ruby-1.9.3-p194/gems/actionpack-3.1.1/lib/action_dispatch/middleware/templates/rescues/template_error.erb within rescues/layout (47.9ms)
  [1m[36m (0.1ms)[0m  [1mselect sqlite_version(*)[0m
  [1m[35m (129.9ms)[0m  CREATE TABLE "schema_migrations" ("version" varchar(255) NOT NULL) 
  [1m[36m (0.1ms)[0m  [1mPRAGMA index_list("schema_migrations")[0m
  [1m[35m (90.9ms)[0m  CREATE UNIQUE INDEX "unique_schema_migrations" ON "schema_migrations" ("version")
  [1m[36m (0.2ms)[0m  [1mSELECT "schema_migrations"."version" FROM "schema_migrations" [0m
  [1m[36m (0.1ms)[0m  [1mSELECT "schema_migrations"."version" FROM "schema_migrations" [0m
Migrating to CreateFortunes (20111121221903)
  [1m[35m (0.1ms)[0m  select sqlite_version(*)
  [1m[36m (0.6ms)[0m  [1mCREATE TABLE "fortunes" ("id" INTEGER PRIMARY KEY AUTOINCREMENT NOT NULL, "quotation" text, "source" varchar(255), "created_at" datetime, "updated_at" datetime) [0m
  [1m[35m (0.1ms)[0m  INSERT INTO "schema_migrations" ("version") VALUES ('20111121221903')
Migrating to ActsAsTaggableOnMigration (20111121224140)
  [1m[36m (0.3ms)[0m  [1mCREATE TABLE "tags" ("id" INTEGER PRIMARY KEY AUTOINCREMENT NOT NULL, "name" varchar(255)) [0m
  [1m[35m (0.2ms)[0m  CREATE TABLE "taggings" ("id" INTEGER PRIMARY KEY AUTOINCREMENT NOT NULL, "tag_id" integer, "taggable_id" integer, "taggable_type" varchar(255), "tagger_id" integer, "tagger_type" varchar(255), "context" varchar(255), "created_at" datetime) 
  [1m[36m (0.0ms)[0m  [1mPRAGMA index_list("taggings")[0m
  [1m[35m (0.1ms)[0m  CREATE INDEX "index_taggings_on_tag_id" ON "taggings" ("tag_id")
  [1m[36m (0.1ms)[0m  [1mPRAGMA index_list("taggings")[0m
  [1m[35m (0.0ms)[0m  PRAGMA index_info('index_taggings_on_tag_id')
  [1m[36m (0.1ms)[0m  [1mCREATE INDEX "index_taggings_on_taggable_id_and_taggable_type_and_context" ON "taggings" ("taggable_id", "taggable_type", "context")[0m
  [1m[35m (0.1ms)[0m  INSERT INTO "schema_migrations" ("version") VALUES ('20111121224140')
  [1m[36m (0.3ms)[0m  [1mselect sqlite_version(*)[0m
  [1m[35m (0.1ms)[0m  SELECT "schema_migrations"."version" FROM "schema_migrations" 
  [1m[36m (0.0ms)[0m  [1mPRAGMA index_list("fortunes")[0m
  [1m[35m (0.1ms)[0m  PRAGMA index_list("taggings")
  [1m[36m (0.1ms)[0m  [1mPRAGMA index_info('index_taggings_on_taggable_id_and_taggable_type_and_context')[0m
  [1m[35m (0.0ms)[0m  PRAGMA index_info('index_taggings_on_tag_id')
  [1m[36m (0.0ms)[0m  [1mPRAGMA index_list("tags")[0m


Started GET "/" for 127.0.0.1 at 2012-10-09 12:16:16 +0200
  Processing by FortunesController#index as HTML
  [1m[36mFortune Load (0.2ms)[0m  [1mSELECT "fortunes".* FROM "fortunes" ORDER BY source LIMIT 4 OFFSET 0[0m
  [1m[35m (0.1ms)[0m  SELECT COUNT(*) FROM "fortunes" 
Rendered fortunes/index.html.erb within layouts/application (21.6ms)
Compiled application.css  (1058ms)  (pid 2766)
Compiled application.js  (5ms)  (pid 2766)
Compiled jquery.js  (6ms)  (pid 2766)
Compiled jquery_ujs.js  (0ms)  (pid 2766)
Compiled fortunes.js  (59ms)  (pid 2766)
Completed 200 OK in 1288ms (Views: 1286.3ms | ActiveRecord: 0.3ms)


Started GET "/assets/application.css?body=1" for 127.0.0.1 at 2012-10-09 12:16:17 +0200
Served asset /application.css - 200 OK (3ms)


Started GET "/assets/jquery_ujs.js?body=1" for 127.0.0.1 at 2012-10-09 12:16:17 +0200
Served asset /jquery_ujs.js - 200 OK (6ms)


Started GET "/assets/application.js?body=1" for 127.0.0.1 at 2012-10-09 12:16:17 +0200
Served asset /application.js - 200 OK (1ms)


Started GET "/assets/jquery.js?body=1" for 127.0.0.1 at 2012-10-09 12:16:17 +0200
Served asset /jquery.js - 200 OK (15ms)


Started GET "/assets/fortunes.js?body=1" for 127.0.0.1 at 2012-10-09 12:16:17 +0200
Served asset /fortunes.js - 200 OK (5ms)


Started GET "/fortunes/new" for 127.0.0.1 at 2012-10-09 12:16:23 +0200
  Processing by FortunesController#new as HTML
Rendered fortunes/_form.html.erb (24.3ms)
Rendered fortunes/new.html.erb within layouts/application (34.2ms)
Completed 200 OK in 61ms (Views: 59.7ms | ActiveRecord: 0.7ms)


Started GET "/assets/application.css?body=1" for 127.0.0.1 at 2012-10-09 12:16:23 +0200
Served asset /application.css - 304 Not Modified (2ms)


Started GET "/assets/jquery_ujs.js?body=1" for 127.0.0.1 at 2012-10-09 12:16:23 +0200
Served asset /jquery_ujs.js - 304 Not Modified (0ms)


Started GET "/assets/application.js?body=1" for 127.0.0.1 at 2012-10-09 12:16:23 +0200
Served asset /application.js - 304 Not Modified (1ms)


Started GET "/assets/fortunes.js?body=1" for 127.0.0.1 at 2012-10-09 12:16:23 +0200
Served asset /fortunes.js - 304 Not Modified (0ms)


Started GET "/assets/jquery.js?body=1" for 127.0.0.1 at 2012-10-09 12:16:23 +0200
Served asset /jquery.js - 304 Not Modified (0ms)


Started POST "/fortunes" for 127.0.0.1 at 2012-10-09 12:16:28 +0200
  Processing by FortunesController#create as HTML
  Parameters: {"utf8"=>"✓", "authenticity_token"=>"K8A2dFEZxVnYRoDAxfQpWJO7tFw4IMN47J3Cg+6O2qc=", "fortune"=>{"quotation"=>"rgrtgrtg", "source"=>"rgtg"}, "commit"=>"Create Fortune"}
  [1m[36mSQL (34.7ms)[0m  [1mINSERT INTO "fortunes" ("created_at", "quotation", "source", "updated_at") VALUES (?, ?, ?, ?)[0m  [["created_at", Tue, 09 Oct 2012 10:16:28 UTC +00:00], ["quotation", "rgrtgrtg"], ["source", "rgtg"], ["updated_at", Tue, 09 Oct 2012 10:16:28 UTC +00:00]]
Redirected to http://localhost:3000/fortunes/1
Completed 302 Found in 207ms


Started GET "/fortunes/1" for 127.0.0.1 at 2012-10-09 12:16:29 +0200
  Processing by FortunesController#show as HTML
  Parameters: {"id"=>"1"}
  [1m[35mFortune Load (0.2ms)[0m  SELECT "fortunes".* FROM "fortunes" WHERE "fortunes"."id" = ? LIMIT 1  [["id", "1"]]
Rendered fortunes/show.html.erb within layouts/application (8.8ms)
Completed 200 OK in 23ms (Views: 20.1ms | ActiveRecord: 0.6ms)


Started GET "/assets/application.css?body=1" for 127.0.0.1 at 2012-10-09 12:16:29 +0200
Served asset /application.css - 304 Not Modified (2ms)


Started GET "/assets/jquery.js?body=1" for 127.0.0.1 at 2012-10-09 12:16:29 +0200
Served asset /jquery.js - 304 Not Modified (0ms)


Started GET "/assets/fortunes.js?body=1" for 127.0.0.1 at 2012-10-09 12:16:29 +0200
Served asset /fortunes.js - 304 Not Modified (0ms)


Started GET "/assets/jquery_ujs.js?body=1" for 127.0.0.1 at 2012-10-09 12:16:29 +0200
Served asset /jquery_ujs.js - 304 Not Modified (0ms)


Started GET "/assets/application.js?body=1" for 127.0.0.1 at 2012-10-09 12:16:29 +0200
Served asset /application.js - 304 Not Modified (0ms)


Started GET "/fortunes" for 127.0.0.1 at 2012-10-09 12:16:31 +0200
  Processing by FortunesController#index as HTML
  [1m[36mFortune Load (0.1ms)[0m  [1mSELECT "fortunes".* FROM "fortunes" ORDER BY source LIMIT 4 OFFSET 0[0m
  [1m[35m (0.1ms)[0m  SELECT COUNT(*) FROM "fortunes" 
Rendered fortunes/index.html.erb within layouts/application (16.2ms)
Completed 200 OK in 28ms (Views: 26.2ms | ActiveRecord: 0.7ms)


Started GET "/assets/application.css?body=1" for 127.0.0.1 at 2012-10-09 12:16:31 +0200
Served asset /application.css - 304 Not Modified (5ms)


Started GET "/assets/jquery.js?body=1" for 127.0.0.1 at 2012-10-09 12:16:31 +0200
Served asset /jquery.js - 304 Not Modified (0ms)


Started GET "/assets/jquery_ujs.js?body=1" for 127.0.0.1 at 2012-10-09 12:16:31 +0200
Served asset /jquery_ujs.js - 304 Not Modified (0ms)


Started GET "/assets/fortunes.js?body=1" for 127.0.0.1 at 2012-10-09 12:16:31 +0200
Served asset /fortunes.js - 304 Not Modified (0ms)


Started GET "/assets/application.js?body=1" for 127.0.0.1 at 2012-10-09 12:16:31 +0200
Served asset /application.js - 304 Not Modified (0ms)


Started GET "/fortunes/new" for 127.0.0.1 at 2012-10-09 12:16:34 +0200
  Processing by FortunesController#new as HTML
Rendered fortunes/_form.html.erb (44.0ms)
Rendered fortunes/new.html.erb within layouts/application (45.7ms)
Completed 200 OK in 58ms (Views: 57.0ms | ActiveRecord: 0.3ms)


Started GET "/assets/application.css?body=1" for 127.0.0.1 at 2012-10-09 12:16:34 +0200
Served asset /application.css - 304 Not Modified (3ms)


Started GET "/assets/jquery.js?body=1" for 127.0.0.1 at 2012-10-09 12:16:34 +0200
Served asset /jquery.js - 304 Not Modified (0ms)


Started GET "/assets/jquery_ujs.js?body=1" for 127.0.0.1 at 2012-10-09 12:16:34 +0200
Served asset /jquery_ujs.js - 304 Not Modified (0ms)


Started GET "/assets/fortunes.js?body=1" for 127.0.0.1 at 2012-10-09 12:16:34 +0200
Served asset /fortunes.js - 304 Not Modified (0ms)


Started GET "/assets/application.js?body=1" for 127.0.0.1 at 2012-10-09 12:16:34 +0200
Served asset /application.js - 304 Not Modified (0ms)


Started POST "/fortunes" for 127.0.0.1 at 2012-10-09 12:16:43 +0200
  Processing by FortunesController#create as HTML
  Parameters: {"utf8"=>"✓", "authenticity_token"=>"K8A2dFEZxVnYRoDAxfQpWJO7tFw4IMN47J3Cg+6O2qc=", "fortune"=>{"quotation"=>"grtgtrrtgr", "source"=>"grtgrg"}, "commit"=>"Create Fortune"}
  [1m[36mSQL (0.5ms)[0m  [1mINSERT INTO "fortunes" ("created_at", "quotation", "source", "updated_at") VALUES (?, ?, ?, ?)[0m  [["created_at", Tue, 09 Oct 2012 10:16:43 UTC +00:00], ["quotation", "grtgtrrtgr"], ["source", "grtgrg"], ["updated_at", Tue, 09 Oct 2012 10:16:43 UTC +00:00]]
Redirected to http://localhost:3000/fortunes/2
Completed 302 Found in 140ms


Started GET "/fortunes/2" for 127.0.0.1 at 2012-10-09 12:16:43 +0200
  Processing by FortunesController#show as HTML
  Parameters: {"id"=>"2"}
  [1m[35mFortune Load (0.2ms)[0m  SELECT "fortunes".* FROM "fortunes" WHERE "fortunes"."id" = ? LIMIT 1  [["id", "2"]]
Rendered fortunes/show.html.erb within layouts/application (8.2ms)
Completed 200 OK in 22ms (Views: 19.4ms | ActiveRecord: 0.5ms)


Started GET "/assets/application.css?body=1" for 127.0.0.1 at 2012-10-09 12:16:43 +0200
Served asset /application.css - 304 Not Modified (3ms)


Started GET "/assets/jquery.js?body=1" for 127.0.0.1 at 2012-10-09 12:16:43 +0200
Served asset /jquery.js - 304 Not Modified (0ms)


Started GET "/assets/fortunes.js?body=1" for 127.0.0.1 at 2012-10-09 12:16:43 +0200
Served asset /fortunes.js - 304 Not Modified (0ms)


Started GET "/assets/jquery_ujs.js?body=1" for 127.0.0.1 at 2012-10-09 12:16:43 +0200
Served asset /jquery_ujs.js - 304 Not Modified (0ms)


Started GET "/assets/application.js?body=1" for 127.0.0.1 at 2012-10-09 12:16:43 +0200
Served asset /application.js - 304 Not Modified (0ms)


Started GET "/fortunes" for 127.0.0.1 at 2012-10-09 12:16:47 +0200
  Processing by FortunesController#index as HTML
  [1m[36mFortune Load (0.2ms)[0m  [1mSELECT "fortunes".* FROM "fortunes" ORDER BY source LIMIT 4 OFFSET 0[0m
  [1m[35m (0.1ms)[0m  SELECT COUNT(*) FROM "fortunes" 
Rendered fortunes/index.html.erb within layouts/application (18.5ms)
Completed 200 OK in 30ms (Views: 28.6ms | ActiveRecord: 0.7ms)


Started GET "/assets/application.css?body=1" for 127.0.0.1 at 2012-10-09 12:16:47 +0200
Served asset /application.css - 304 Not Modified (4ms)


Started GET "/assets/jquery_ujs.js?body=1" for 127.0.0.1 at 2012-10-09 12:16:47 +0200
Served asset /jquery_ujs.js - 304 Not Modified (0ms)


Started GET "/assets/jquery.js?body=1" for 127.0.0.1 at 2012-10-09 12:16:47 +0200
Served asset /jquery.js - 304 Not Modified (0ms)


Started GET "/assets/fortunes.js?body=1" for 127.0.0.1 at 2012-10-09 12:16:47 +0200
Served asset /fortunes.js - 304 Not Modified (0ms)


Started GET "/assets/application.js?body=1" for 127.0.0.1 at 2012-10-09 12:16:47 +0200
Served asset /application.js - 304 Not Modified (1ms)


Started GET "/fortunes/new" for 127.0.0.1 at 2012-10-09 12:16:50 +0200
  Processing by FortunesController#new as HTML
Rendered fortunes/_form.html.erb (10.6ms)
Rendered fortunes/new.html.erb within layouts/application (11.9ms)
Completed 200 OK in 58ms (Views: 56.8ms | ActiveRecord: 0.3ms)


Started GET "/assets/application.css?body=1" for 127.0.0.1 at 2012-10-09 12:16:50 +0200
Served asset /application.css - 304 Not Modified (3ms)


Started GET "/assets/jquery.js?body=1" for 127.0.0.1 at 2012-10-09 12:16:50 +0200
Served asset /jquery.js - 304 Not Modified (0ms)


Started GET "/assets/jquery_ujs.js?body=1" for 127.0.0.1 at 2012-10-09 12:16:50 +0200
Served asset /jquery_ujs.js - 304 Not Modified (0ms)


Started GET "/assets/application.js?body=1" for 127.0.0.1 at 2012-10-09 12:16:50 +0200
Served asset /application.js - 304 Not Modified (0ms)


Started GET "/assets/fortunes.js?body=1" for 127.0.0.1 at 2012-10-09 12:16:50 +0200
Served asset /fortunes.js - 304 Not Modified (0ms)


Started POST "/fortunes" for 127.0.0.1 at 2012-10-09 12:16:54 +0200
  Processing by FortunesController#create as HTML
  Parameters: {"utf8"=>"✓", "authenticity_token"=>"K8A2dFEZxVnYRoDAxfQpWJO7tFw4IMN47J3Cg+6O2qc=", "fortune"=>{"quotation"=>"grtgtrg", "source"=>"grtg"}, "commit"=>"Create Fortune"}
  [1m[36mSQL (0.5ms)[0m  [1mINSERT INTO "fortunes" ("created_at", "quotation", "source", "updated_at") VALUES (?, ?, ?, ?)[0m  [["created_at", Tue, 09 Oct 2012 10:16:54 UTC +00:00], ["quotation", "grtgtrg"], ["source", "grtg"], ["updated_at", Tue, 09 Oct 2012 10:16:54 UTC +00:00]]
Redirected to http://localhost:3000/fortunes/3
Completed 302 Found in 102ms


Started GET "/fortunes/3" for 127.0.0.1 at 2012-10-09 12:16:54 +0200
  Processing by FortunesController#show as HTML
  Parameters: {"id"=>"3"}
  [1m[35mFortune Load (0.2ms)[0m  SELECT "fortunes".* FROM "fortunes" WHERE "fortunes"."id" = ? LIMIT 1  [["id", "3"]]
Rendered fortunes/show.html.erb within layouts/application (9.6ms)
Completed 200 OK in 23ms (Views: 20.5ms | ActiveRecord: 0.7ms)


Started GET "/assets/application.css?body=1" for 127.0.0.1 at 2012-10-09 12:16:54 +0200
Served asset /application.css - 304 Not Modified (2ms)


Started GET "/assets/jquery_ujs.js?body=1" for 127.0.0.1 at 2012-10-09 12:16:54 +0200
Served asset /jquery_ujs.js - 304 Not Modified (0ms)


Started GET "/assets/jquery.js?body=1" for 127.0.0.1 at 2012-10-09 12:16:54 +0200
Served asset /jquery.js - 304 Not Modified (0ms)


Started GET "/assets/fortunes.js?body=1" for 127.0.0.1 at 2012-10-09 12:16:54 +0200
Served asset /fortunes.js - 304 Not Modified (0ms)


Started GET "/assets/application.js?body=1" for 127.0.0.1 at 2012-10-09 12:16:54 +0200
Served asset /application.js - 304 Not Modified (1ms)


Started GET "/fortunes" for 127.0.0.1 at 2012-10-09 12:16:56 +0200
  Processing by FortunesController#index as HTML
  [1m[36mFortune Load (0.2ms)[0m  [1mSELECT "fortunes".* FROM "fortunes" ORDER BY source LIMIT 4 OFFSET 0[0m
  [1m[35m (0.2ms)[0m  SELECT COUNT(*) FROM "fortunes" 
Rendered fortunes/index.html.erb within layouts/application (21.6ms)
Completed 200 OK in 33ms (Views: 31.8ms | ActiveRecord: 0.7ms)


Started GET "/assets/application.css?body=1" for 127.0.0.1 at 2012-10-09 12:16:56 +0200
Served asset /application.css - 304 Not Modified (3ms)


Started GET "/assets/fortunes.js?body=1" for 127.0.0.1 at 2012-10-09 12:16:56 +0200
Served asset /fortunes.js - 304 Not Modified (0ms)


Started GET "/assets/jquery_ujs.js?body=1" for 127.0.0.1 at 2012-10-09 12:16:56 +0200
Served asset /jquery_ujs.js - 304 Not Modified (0ms)


Started GET "/assets/jquery.js?body=1" for 127.0.0.1 at 2012-10-09 12:16:56 +0200
Served asset /jquery.js - 304 Not Modified (0ms)


Started GET "/assets/application.js?body=1" for 127.0.0.1 at 2012-10-09 12:16:56 +0200
Served asset /application.js - 304 Not Modified (0ms)


Started GET "/fortunes/new" for 127.0.0.1 at 2012-10-09 12:16:59 +0200
  Processing by FortunesController#new as HTML
Rendered fortunes/_form.html.erb (10.5ms)
Rendered fortunes/new.html.erb within layouts/application (11.8ms)
Completed 200 OK in 23ms (Views: 22.1ms | ActiveRecord: 0.3ms)


Started GET "/assets/application.css?body=1" for 127.0.0.1 at 2012-10-09 12:16:59 +0200
Served asset /application.css - 304 Not Modified (4ms)


Started GET "/assets/jquery.js?body=1" for 127.0.0.1 at 2012-10-09 12:16:59 +0200
Served asset /jquery.js - 304 Not Modified (0ms)


Started GET "/assets/fortunes.js?body=1" for 127.0.0.1 at 2012-10-09 12:16:59 +0200
Served asset /fortunes.js - 304 Not Modified (0ms)


Started GET "/assets/jquery_ujs.js?body=1" for 127.0.0.1 at 2012-10-09 12:16:59 +0200
Served asset /jquery_ujs.js - 304 Not Modified (0ms)


Started GET "/assets/application.js?body=1" for 127.0.0.1 at 2012-10-09 12:16:59 +0200
Served asset /application.js - 304 Not Modified (0ms)


Started POST "/fortunes" for 127.0.0.1 at 2012-10-09 12:17:03 +0200
  Processing by FortunesController#create as HTML
  Parameters: {"utf8"=>"✓", "authenticity_token"=>"K8A2dFEZxVnYRoDAxfQpWJO7tFw4IMN47J3Cg+6O2qc=", "fortune"=>{"quotation"=>"grtgfbgfbg", "source"=>"fgbfb"}, "commit"=>"Create Fortune"}
  [1m[36mSQL (0.5ms)[0m  [1mINSERT INTO "fortunes" ("created_at", "quotation", "source", "updated_at") VALUES (?, ?, ?, ?)[0m  [["created_at", Tue, 09 Oct 2012 10:17:03 UTC +00:00], ["quotation", "grtgfbgfbg"], ["source", "fgbfb"], ["updated_at", Tue, 09 Oct 2012 10:17:03 UTC +00:00]]
Redirected to http://localhost:3000/fortunes/4
Completed 302 Found in 115ms


Started GET "/fortunes/4" for 127.0.0.1 at 2012-10-09 12:17:03 +0200
  Processing by FortunesController#show as HTML
  Parameters: {"id"=>"4"}
  [1m[35mFortune Load (0.2ms)[0m  SELECT "fortunes".* FROM "fortunes" WHERE "fortunes"."id" = ? LIMIT 1  [["id", "4"]]
Rendered fortunes/show.html.erb within layouts/application (8.5ms)
Completed 200 OK in 23ms (Views: 20.7ms | ActiveRecord: 0.5ms)


Started GET "/assets/application.css?body=1" for 127.0.0.1 at 2012-10-09 12:17:04 +0200
Served asset /application.css - 304 Not Modified (3ms)


Started GET "/assets/jquery.js?body=1" for 127.0.0.1 at 2012-10-09 12:17:04 +0200
Served asset /jquery.js - 304 Not Modified (0ms)


Started GET "/assets/jquery_ujs.js?body=1" for 127.0.0.1 at 2012-10-09 12:17:04 +0200
Served asset /jquery_ujs.js - 304 Not Modified (0ms)


Started GET "/assets/fortunes.js?body=1" for 127.0.0.1 at 2012-10-09 12:17:04 +0200
Served asset /fortunes.js - 304 Not Modified (0ms)


Started GET "/assets/application.js?body=1" for 127.0.0.1 at 2012-10-09 12:17:04 +0200
Served asset /application.js - 304 Not Modified (0ms)


Started GET "/fortunes" for 127.0.0.1 at 2012-10-09 12:17:05 +0200
  Processing by FortunesController#index as HTML
  [1m[36mFortune Load (0.2ms)[0m  [1mSELECT "fortunes".* FROM "fortunes" ORDER BY source LIMIT 4 OFFSET 0[0m
  [1m[35m (0.1ms)[0m  SELECT COUNT(*) FROM "fortunes" 
Rendered fortunes/index.html.erb within layouts/application (23.4ms)
Completed 200 OK in 35ms (Views: 33.6ms | ActiveRecord: 0.7ms)


Started GET "/assets/application.css?body=1" for 127.0.0.1 at 2012-10-09 12:17:05 +0200
Served asset /application.css - 304 Not Modified (3ms)


Started GET "/assets/jquery.js?body=1" for 127.0.0.1 at 2012-10-09 12:17:05 +0200
Served asset /jquery.js - 304 Not Modified (0ms)


Started GET "/assets/jquery_ujs.js?body=1" for 127.0.0.1 at 2012-10-09 12:17:05 +0200
Served asset /jquery_ujs.js - 304 Not Modified (0ms)


Started GET "/assets/application.js?body=1" for 127.0.0.1 at 2012-10-09 12:17:05 +0200
Served asset /application.js - 304 Not Modified (0ms)


Started GET "/assets/fortunes.js?body=1" for 127.0.0.1 at 2012-10-09 12:17:05 +0200
Served asset /fortunes.js - 304 Not Modified (0ms)


Started GET "/fortunes/new" for 127.0.0.1 at 2012-10-09 12:17:09 +0200
  Processing by FortunesController#new as HTML
Rendered fortunes/_form.html.erb (10.3ms)
Rendered fortunes/new.html.erb within layouts/application (11.6ms)
Completed 200 OK in 58ms (Views: 56.4ms | ActiveRecord: 0.3ms)


Started GET "/assets/application.css?body=1" for 127.0.0.1 at 2012-10-09 12:17:09 +0200
Served asset /application.css - 304 Not Modified (2ms)


Started GET "/assets/jquery.js?body=1" for 127.0.0.1 at 2012-10-09 12:17:09 +0200
Served asset /jquery.js - 304 Not Modified (0ms)


Started GET "/assets/jquery_ujs.js?body=1" for 127.0.0.1 at 2012-10-09 12:17:09 +0200
Served asset /jquery_ujs.js - 304 Not Modified (0ms)


Started GET "/assets/fortunes.js?body=1" for 127.0.0.1 at 2012-10-09 12:17:09 +0200
Served asset /fortunes.js - 304 Not Modified (0ms)


Started GET "/assets/application.js?body=1" for 127.0.0.1 at 2012-10-09 12:17:09 +0200
Served asset /application.js - 304 Not Modified (0ms)


Started POST "/fortunes" for 127.0.0.1 at 2012-10-09 12:17:13 +0200
  Processing by FortunesController#create as HTML
  Parameters: {"utf8"=>"✓", "authenticity_token"=>"K8A2dFEZxVnYRoDAxfQpWJO7tFw4IMN47J3Cg+6O2qc=", "fortune"=>{"quotation"=>"bfgfbgf", "source"=>"bffbg"}, "commit"=>"Create Fortune"}
  [1m[36mSQL (0.5ms)[0m  [1mINSERT INTO "fortunes" ("created_at", "quotation", "source", "updated_at") VALUES (?, ?, ?, ?)[0m  [["created_at", Tue, 09 Oct 2012 10:17:13 UTC +00:00], ["quotation", "bfgfbgf"], ["source", "bffbg"], ["updated_at", Tue, 09 Oct 2012 10:17:13 UTC +00:00]]
Redirected to http://localhost:3000/fortunes/5
Completed 302 Found in 125ms


Started GET "/fortunes/5" for 127.0.0.1 at 2012-10-09 12:17:13 +0200
  Processing by FortunesController#show as HTML
  Parameters: {"id"=>"5"}
  [1m[35mFortune Load (0.2ms)[0m  SELECT "fortunes".* FROM "fortunes" WHERE "fortunes"."id" = ? LIMIT 1  [["id", "5"]]
Rendered fortunes/show.html.erb within layouts/application (8.0ms)
Completed 200 OK in 22ms (Views: 19.1ms | ActiveRecord: 0.6ms)


Started GET "/assets/application.css?body=1" for 127.0.0.1 at 2012-10-09 12:17:13 +0200
Served asset /application.css - 304 Not Modified (2ms)


Started GET "/assets/jquery.js?body=1" for 127.0.0.1 at 2012-10-09 12:17:13 +0200
Served asset /jquery.js - 304 Not Modified (0ms)


Started GET "/assets/jquery_ujs.js?body=1" for 127.0.0.1 at 2012-10-09 12:17:13 +0200
Served asset /jquery_ujs.js - 304 Not Modified (0ms)


Started GET "/assets/fortunes.js?body=1" for 127.0.0.1 at 2012-10-09 12:17:13 +0200
Served asset /fortunes.js - 304 Not Modified (0ms)


Started GET "/assets/application.js?body=1" for 127.0.0.1 at 2012-10-09 12:17:13 +0200
Served asset /application.js - 304 Not Modified (0ms)


Started GET "/fortunes" for 127.0.0.1 at 2012-10-09 12:17:14 +0200
  Processing by FortunesController#index as HTML
  [1m[36mFortune Load (0.2ms)[0m  [1mSELECT "fortunes".* FROM "fortunes" ORDER BY source LIMIT 4 OFFSET 0[0m
  [1m[35m (0.1ms)[0m  SELECT COUNT(*) FROM "fortunes" 
Rendered fortunes/index.html.erb within layouts/application (32.5ms)
Completed 200 OK in 44ms (Views: 42.6ms | ActiveRecord: 0.7ms)


Started GET "/assets/application.css?body=1" for 127.0.0.1 at 2012-10-09 12:17:14 +0200
Served asset /application.css - 304 Not Modified (2ms)


Started GET "/assets/jquery.js?body=1" for 127.0.0.1 at 2012-10-09 12:17:14 +0200
Served asset /jquery.js - 304 Not Modified (0ms)


Started GET "/assets/fortunes.js?body=1" for 127.0.0.1 at 2012-10-09 12:17:14 +0200
Served asset /fortunes.js - 304 Not Modified (0ms)


Started GET "/assets/jquery_ujs.js?body=1" for 127.0.0.1 at 2012-10-09 12:17:14 +0200
Served asset /jquery_ujs.js - 304 Not Modified (0ms)


Started GET "/assets/application.js?body=1" for 127.0.0.1 at 2012-10-09 12:17:14 +0200
Served asset /application.js - 304 Not Modified (0ms)


Started GET "/fortunes/new" for 127.0.0.1 at 2012-10-09 12:17:18 +0200
  Processing by FortunesController#new as HTML
Rendered fortunes/_form.html.erb (44.2ms)
Rendered fortunes/new.html.erb within layouts/application (45.5ms)
Completed 200 OK in 57ms (Views: 56.1ms | ActiveRecord: 0.3ms)


Started GET "/assets/application.css?body=1" for 127.0.0.1 at 2012-10-09 12:17:18 +0200
Served asset /application.css - 304 Not Modified (3ms)


Started GET "/assets/jquery.js?body=1" for 127.0.0.1 at 2012-10-09 12:17:18 +0200
Served asset /jquery.js - 304 Not Modified (0ms)


Started GET "/assets/fortunes.js?body=1" for 127.0.0.1 at 2012-10-09 12:17:18 +0200
Served asset /fortunes.js - 304 Not Modified (0ms)


Started GET "/assets/application.js?body=1" for 127.0.0.1 at 2012-10-09 12:17:18 +0200
Served asset /application.js - 304 Not Modified (0ms)


Started GET "/assets/jquery_ujs.js?body=1" for 127.0.0.1 at 2012-10-09 12:17:18 +0200
Served asset /jquery_ujs.js - 304 Not Modified (0ms)


Started POST "/fortunes" for 127.0.0.1 at 2012-10-09 12:17:23 +0200
  Processing by FortunesController#create as HTML
  Parameters: {"utf8"=>"✓", "authenticity_token"=>"K8A2dFEZxVnYRoDAxfQpWJO7tFw4IMN47J3Cg+6O2qc=", "fortune"=>{"quotation"=>"bffbhgnbf", "source"=>"gfdbhgv"}, "commit"=>"Create Fortune"}
  [1m[36mSQL (0.5ms)[0m  [1mINSERT INTO "fortunes" ("created_at", "quotation", "source", "updated_at") VALUES (?, ?, ?, ?)[0m  [["created_at", Tue, 09 Oct 2012 10:17:23 UTC +00:00], ["quotation", "bffbhgnbf"], ["source", "gfdbhgv"], ["updated_at", Tue, 09 Oct 2012 10:17:23 UTC +00:00]]
Redirected to http://localhost:3000/fortunes/6
Completed 302 Found in 190ms


Started GET "/fortunes/6" for 127.0.0.1 at 2012-10-09 12:17:23 +0200
  Processing by FortunesController#show as HTML
  Parameters: {"id"=>"6"}
  [1m[35mFortune Load (0.2ms)[0m  SELECT "fortunes".* FROM "fortunes" WHERE "fortunes"."id" = ? LIMIT 1  [["id", "6"]]
Rendered fortunes/show.html.erb within layouts/application (7.9ms)
Completed 200 OK in 22ms (Views: 18.9ms | ActiveRecord: 0.5ms)


Started GET "/assets/application.css?body=1" for 127.0.0.1 at 2012-10-09 12:17:23 +0200
Served asset /application.css - 304 Not Modified (3ms)


Started GET "/assets/jquery_ujs.js?body=1" for 127.0.0.1 at 2012-10-09 12:17:23 +0200
Served asset /jquery_ujs.js - 304 Not Modified (0ms)


Started GET "/assets/fortunes.js?body=1" for 127.0.0.1 at 2012-10-09 12:17:23 +0200
Served asset /fortunes.js - 304 Not Modified (0ms)


Started GET "/assets/jquery.js?body=1" for 127.0.0.1 at 2012-10-09 12:17:23 +0200
Served asset /jquery.js - 304 Not Modified (0ms)


Started GET "/assets/application.js?body=1" for 127.0.0.1 at 2012-10-09 12:17:23 +0200
Served asset /application.js - 304 Not Modified (0ms)


Started GET "/fortunes" for 127.0.0.1 at 2012-10-09 12:17:25 +0200
  Processing by FortunesController#index as HTML
  [1m[36mFortune Load (0.2ms)[0m  [1mSELECT "fortunes".* FROM "fortunes" ORDER BY source LIMIT 4 OFFSET 0[0m
  [1m[35m (0.1ms)[0m  SELECT COUNT(*) FROM "fortunes" 
Rendered fortunes/index.html.erb within layouts/application (29.3ms)
Completed 200 OK in 41ms (Views: 39.5ms | ActiveRecord: 0.7ms)


Started GET "/assets/application.css?body=1" for 127.0.0.1 at 2012-10-09 12:17:25 +0200
Served asset /application.css - 304 Not Modified (2ms)


Started GET "/assets/fortunes.js?body=1" for 127.0.0.1 at 2012-10-09 12:17:25 +0200
Served asset /fortunes.js - 304 Not Modified (0ms)


Started GET "/assets/jquery.js?body=1" for 127.0.0.1 at 2012-10-09 12:17:25 +0200
Served asset /jquery.js - 304 Not Modified (0ms)


Started GET "/assets/jquery_ujs.js?body=1" for 127.0.0.1 at 2012-10-09 12:17:25 +0200
Served asset /jquery_ujs.js - 304 Not Modified (0ms)


Started GET "/assets/application.js?body=1" for 127.0.0.1 at 2012-10-09 12:17:25 +0200
Served asset /application.js - 304 Not Modified (1ms)


Started GET "/fortunes?page=2" for 127.0.0.1 at 2012-10-09 12:17:28 +0200
  Processing by FortunesController#index as HTML
  Parameters: {"page"=>"2"}
  [1m[36mFortune Load (0.2ms)[0m  [1mSELECT "fortunes".* FROM "fortunes" ORDER BY source LIMIT 4 OFFSET 4[0m
  [1m[35m (0.1ms)[0m  SELECT COUNT(*) FROM "fortunes" 
Rendered fortunes/index.html.erb within layouts/application (27.3ms)
Completed 200 OK in 73ms (Views: 71.3ms | ActiveRecord: 0.7ms)


Started GET "/assets/application.css?body=1" for 127.0.0.1 at 2012-10-09 12:17:28 +0200
Served asset /application.css - 304 Not Modified (2ms)


Started GET "/assets/jquery.js?body=1" for 127.0.0.1 at 2012-10-09 12:17:28 +0200
Served asset /jquery.js - 304 Not Modified (0ms)


Started GET "/assets/fortunes.js?body=1" for 127.0.0.1 at 2012-10-09 12:17:28 +0200
Served asset /fortunes.js - 304 Not Modified (0ms)


Started GET "/assets/jquery_ujs.js?body=1" for 127.0.0.1 at 2012-10-09 12:17:28 +0200
Served asset /jquery_ujs.js - 304 Not Modified (0ms)


Started GET "/assets/application.js?body=1" for 127.0.0.1 at 2012-10-09 12:17:28 +0200
Served asset /application.js - 304 Not Modified (0ms)


Started GET "/" for 127.0.0.1 at 2012-10-09 12:17:41 +0200
  Processing by FortunesController#index as HTML
  [1m[36mFortune Load (0.2ms)[0m  [1mSELECT "fortunes".* FROM "fortunes" ORDER BY source LIMIT 4 OFFSET 0[0m
  [1m[35m (0.1ms)[0m  SELECT COUNT(*) FROM "fortunes" 
Rendered fortunes/index.html.erb within layouts/application (29.4ms)
Completed 200 OK in 41ms (Views: 39.5ms | ActiveRecord: 0.7ms)


Started GET "/assets/application.css?body=1" for 127.0.0.1 at 2012-10-09 12:17:42 +0200
Served asset /application.css - 304 Not Modified (2ms)


Started GET "/assets/jquery_ujs.js?body=1" for 127.0.0.1 at 2012-10-09 12:17:42 +0200
Served asset /jquery_ujs.js - 304 Not Modified (0ms)


Started GET "/assets/jquery.js?body=1" for 127.0.0.1 at 2012-10-09 12:17:42 +0200
Served asset /jquery.js - 304 Not Modified (0ms)


Started GET "/assets/application.js?body=1" for 127.0.0.1 at 2012-10-09 12:17:42 +0200
Served asset /application.js - 304 Not Modified (1ms)


Started GET "/assets/fortunes.js?body=1" for 127.0.0.1 at 2012-10-09 12:17:42 +0200
Served asset /fortunes.js - 304 Not Modified (0ms)


Started GET "/fortunes/5/edit" for 127.0.0.1 at 2012-10-09 12:17:46 +0200
  Processing by FortunesController#edit as HTML
  Parameters: {"id"=>"5"}
  [1m[36mFortune Load (0.2ms)[0m  [1mSELECT "fortunes".* FROM "fortunes" WHERE "fortunes"."id" = ? LIMIT 1[0m  [["id", "5"]]
Rendered fortunes/_form.html.erb (18.2ms)
Rendered fortunes/edit.html.erb within layouts/application (23.6ms)
Completed 200 OK in 51ms (Views: 48.9ms | ActiveRecord: 0.5ms)


Started GET "/assets/application.css?body=1" for 127.0.0.1 at 2012-10-09 12:17:46 +0200
Served asset /application.css - 304 Not Modified (2ms)


Started GET "/assets/jquery_ujs.js?body=1" for 127.0.0.1 at 2012-10-09 12:17:46 +0200
Served asset /jquery_ujs.js - 304 Not Modified (0ms)


Started GET "/assets/fortunes.js?body=1" for 127.0.0.1 at 2012-10-09 12:17:46 +0200
Served asset /fortunes.js - 304 Not Modified (0ms)


Started GET "/assets/jquery.js?body=1" for 127.0.0.1 at 2012-10-09 12:17:46 +0200
Served asset /jquery.js - 304 Not Modified (0ms)


Started GET "/assets/application.js?body=1" for 127.0.0.1 at 2012-10-09 12:17:46 +0200
Served asset /application.js - 304 Not Modified (0ms)


Started GET "/" for 127.0.0.1 at 2012-10-09 12:17:55 +0200
  Processing by FortunesController#index as HTML
  [1m[35mFortune Load (0.2ms)[0m  SELECT "fortunes".* FROM "fortunes" ORDER BY source LIMIT 4 OFFSET 0
  [1m[36m (0.1ms)[0m  [1mSELECT COUNT(*) FROM "fortunes" [0m
Rendered fortunes/index.html.erb within layouts/application (64.5ms)
Completed 200 OK in 76ms (Views: 74.7ms | ActiveRecord: 0.7ms)


Started GET "/assets/application.css?body=1" for 127.0.0.1 at 2012-10-09 12:17:55 +0200
Served asset /application.css - 304 Not Modified (2ms)


Started GET "/assets/jquery_ujs.js?body=1" for 127.0.0.1 at 2012-10-09 12:17:55 +0200
Served asset /jquery_ujs.js - 304 Not Modified (0ms)


Started GET "/assets/jquery.js?body=1" for 127.0.0.1 at 2012-10-09 12:17:55 +0200
Served asset /jquery.js - 304 Not Modified (0ms)


Started GET "/assets/fortunes.js?body=1" for 127.0.0.1 at 2012-10-09 12:17:55 +0200
Served asset /fortunes.js - 304 Not Modified (0ms)


Started GET "/assets/application.js?body=1" for 127.0.0.1 at 2012-10-09 12:17:55 +0200
Served asset /application.js - 304 Not Modified (0ms)


Started GET "/" for 127.0.0.1 at 2012-10-10 20:05:54 +0200
  Processing by FortunesController#index as HTML
  [1m[36mFortune Load (0.3ms)[0m  [1mSELECT "fortunes".* FROM "fortunes" ORDER BY source LIMIT 3 OFFSET 0[0m
  [1m[35m (0.1ms)[0m  SELECT COUNT(*) FROM "fortunes" 
Rendered fortunes/index.html.erb within layouts/application (100.8ms)
Completed 200 OK in 393ms (Views: 391.7ms | ActiveRecord: 0.6ms)


Started GET "/assets/application.css?body=1" for 127.0.0.1 at 2012-10-10 20:05:55 +0200
Served asset /application.css - 200 OK (3ms)


Started GET "/assets/jquery_ujs.js?body=1" for 127.0.0.1 at 2012-10-10 20:05:55 +0200
Served asset /jquery_ujs.js - 200 OK (16ms)


Started GET "/assets/application.js?body=1" for 127.0.0.1 at 2012-10-10 20:05:55 +0200
Served asset /application.js - 200 OK (0ms)


Started GET "/assets/jquery.js?body=1" for 127.0.0.1 at 2012-10-10 20:05:55 +0200
Served asset /jquery.js - 200 OK (5ms)


Started GET "/assets/fortunes.js?body=1" for 127.0.0.1 at 2012-10-10 20:05:55 +0200
Served asset /fortunes.js - 200 OK (6ms)


Started DELETE "/fortunes/5" for 127.0.0.1 at 2012-10-10 20:06:07 +0200
  Processing by FortunesController#destroy as HTML
  Parameters: {"authenticity_token"=>"hmtj+vrPIOBzDynCnc31L2ppZKUhVGnCT7JDbplsBqU=", "id"=>"5"}
  [1m[36mFortune Load (0.2ms)[0m  [1mSELECT "fortunes".* FROM "fortunes" WHERE "fortunes"."id" = ? LIMIT 1[0m  [["id", "5"]]
  [1m[35mSQL (20.3ms)[0m  DELETE FROM "fortunes" WHERE "fortunes"."id" = ?  [["id", 5]]
Redirected to http://localhost:3000/fortunes
Completed 302 Found in 208ms


Started GET "/fortunes" for 127.0.0.1 at 2012-10-10 20:06:07 +0200
  Processing by FortunesController#index as HTML
  [1m[36mFortune Load (0.2ms)[0m  [1mSELECT "fortunes".* FROM "fortunes" ORDER BY source LIMIT 3 OFFSET 0[0m
  [1m[35m (0.1ms)[0m  SELECT COUNT(*) FROM "fortunes" 
Rendered fortunes/index.html.erb within layouts/application (28.1ms)
Completed 200 OK in 42ms (Views: 40.2ms | ActiveRecord: 0.7ms)


Started GET "/assets/application.css?body=1" for 127.0.0.1 at 2012-10-10 20:06:07 +0200
Served asset /application.css - 304 Not Modified (4ms)


Started GET "/assets/jquery.js?body=1" for 127.0.0.1 at 2012-10-10 20:06:07 +0200
Served asset /jquery.js - 304 Not Modified (0ms)


Started GET "/assets/fortunes.js?body=1" for 127.0.0.1 at 2012-10-10 20:06:07 +0200
Served asset /fortunes.js - 304 Not Modified (0ms)


Started GET "/assets/jquery_ujs.js?body=1" for 127.0.0.1 at 2012-10-10 20:06:07 +0200
Served asset /jquery_ujs.js - 304 Not Modified (0ms)


Started GET "/assets/application.js?body=1" for 127.0.0.1 at 2012-10-10 20:06:07 +0200
Served asset /application.js - 304 Not Modified (1ms)


Started DELETE "/fortunes/6" for 127.0.0.1 at 2012-10-10 20:06:12 +0200
  Processing by FortunesController#destroy as HTML
  Parameters: {"authenticity_token"=>"hmtj+vrPIOBzDynCnc31L2ppZKUhVGnCT7JDbplsBqU=", "id"=>"6"}
  [1m[36mFortune Load (0.2ms)[0m  [1mSELECT "fortunes".* FROM "fortunes" WHERE "fortunes"."id" = ? LIMIT 1[0m  [["id", "6"]]
  [1m[35mSQL (0.2ms)[0m  DELETE FROM "fortunes" WHERE "fortunes"."id" = ?  [["id", 6]]
Redirected to http://localhost:3000/fortunes
Completed 302 Found in 160ms


Started GET "/fortunes" for 127.0.0.1 at 2012-10-10 20:06:12 +0200
  Processing by FortunesController#index as HTML
  [1m[36mFortune Load (0.2ms)[0m  [1mSELECT "fortunes".* FROM "fortunes" ORDER BY source LIMIT 3 OFFSET 0[0m
  [1m[35m (0.1ms)[0m  SELECT COUNT(*) FROM "fortunes" 
Rendered fortunes/index.html.erb within layouts/application (27.7ms)
Completed 200 OK in 40ms (Views: 38.3ms | ActiveRecord: 0.7ms)


Started GET "/assets/application.css?body=1" for 127.0.0.1 at 2012-10-10 20:06:12 +0200
Served asset /application.css - 304 Not Modified (2ms)


Started GET "/assets/jquery.js?body=1" for 127.0.0.1 at 2012-10-10 20:06:12 +0200
Served asset /jquery.js - 304 Not Modified (0ms)


Started GET "/assets/jquery_ujs.js?body=1" for 127.0.0.1 at 2012-10-10 20:06:12 +0200
Served asset /jquery_ujs.js - 304 Not Modified (0ms)


Started GET "/assets/application.js?body=1" for 127.0.0.1 at 2012-10-10 20:06:12 +0200
Served asset /application.js - 304 Not Modified (1ms)


Started GET "/assets/fortunes.js?body=1" for 127.0.0.1 at 2012-10-10 20:06:12 +0200
Served asset /fortunes.js - 304 Not Modified (0ms)


Started DELETE "/fortunes/4" for 127.0.0.1 at 2012-10-10 20:06:14 +0200
  Processing by FortunesController#destroy as HTML
  Parameters: {"authenticity_token"=>"hmtj+vrPIOBzDynCnc31L2ppZKUhVGnCT7JDbplsBqU=", "id"=>"4"}
  [1m[36mFortune Load (0.2ms)[0m  [1mSELECT "fortunes".* FROM "fortunes" WHERE "fortunes"."id" = ? LIMIT 1[0m  [["id", "4"]]
  [1m[35mSQL (0.2ms)[0m  DELETE FROM "fortunes" WHERE "fortunes"."id" = ?  [["id", 4]]
Redirected to http://localhost:3000/fortunes
Completed 302 Found in 126ms


Started GET "/fortunes" for 127.0.0.1 at 2012-10-10 20:06:15 +0200
  Processing by FortunesController#index as HTML
  [1m[36mFortune Load (0.2ms)[0m  [1mSELECT "fortunes".* FROM "fortunes" ORDER BY source LIMIT 3 OFFSET 0[0m
  [1m[35m (0.1ms)[0m  SELECT COUNT(*) FROM "fortunes" 
Rendered fortunes/index.html.erb within layouts/application (20.7ms)
Completed 200 OK in 32ms (Views: 30.9ms | ActiveRecord: 0.7ms)


Started GET "/assets/application.css?body=1" for 127.0.0.1 at 2012-10-10 20:06:15 +0200
Served asset /application.css - 304 Not Modified (2ms)


Started GET "/assets/jquery.js?body=1" for 127.0.0.1 at 2012-10-10 20:06:15 +0200
Served asset /jquery.js - 304 Not Modified (0ms)


Started GET "/assets/jquery_ujs.js?body=1" for 127.0.0.1 at 2012-10-10 20:06:15 +0200
Served asset /jquery_ujs.js - 304 Not Modified (0ms)


Started GET "/assets/application.js?body=1" for 127.0.0.1 at 2012-10-10 20:06:15 +0200
Served asset /application.js - 304 Not Modified (0ms)


Started GET "/assets/fortunes.js?body=1" for 127.0.0.1 at 2012-10-10 20:06:15 +0200
Served asset /fortunes.js - 304 Not Modified (0ms)


Started DELETE "/fortunes/2" for 127.0.0.1 at 2012-10-10 20:06:19 +0200
  Processing by FortunesController#destroy as HTML
  Parameters: {"authenticity_token"=>"hmtj+vrPIOBzDynCnc31L2ppZKUhVGnCT7JDbplsBqU=", "id"=>"2"}
  [1m[36mFortune Load (0.2ms)[0m  [1mSELECT "fortunes".* FROM "fortunes" WHERE "fortunes"."id" = ? LIMIT 1[0m  [["id", "2"]]
  [1m[35mSQL (0.3ms)[0m  DELETE FROM "fortunes" WHERE "fortunes"."id" = ?  [["id", 2]]
Redirected to http://localhost:3000/fortunes
Completed 302 Found in 134ms


Started GET "/fortunes" for 127.0.0.1 at 2012-10-10 20:06:19 +0200
  Processing by FortunesController#index as HTML
  [1m[36mFortune Load (0.1ms)[0m  [1mSELECT "fortunes".* FROM "fortunes" ORDER BY source LIMIT 3 OFFSET 0[0m
  [1m[35m (0.1ms)[0m  SELECT COUNT(*) FROM "fortunes" 
Rendered fortunes/index.html.erb within layouts/application (18.4ms)
Completed 200 OK in 31ms (Views: 29.1ms | ActiveRecord: 0.6ms)


Started GET "/assets/application.css?body=1" for 127.0.0.1 at 2012-10-10 20:06:19 +0200
Served asset /application.css - 304 Not Modified (4ms)


Started GET "/assets/jquery.js?body=1" for 127.0.0.1 at 2012-10-10 20:06:19 +0200
Served asset /jquery.js - 304 Not Modified (0ms)


Started GET "/assets/application.js?body=1" for 127.0.0.1 at 2012-10-10 20:06:19 +0200
Served asset /application.js - 304 Not Modified (1ms)


Started GET "/assets/jquery_ujs.js?body=1" for 127.0.0.1 at 2012-10-10 20:06:19 +0200
Served asset /jquery_ujs.js - 304 Not Modified (0ms)


Started GET "/assets/fortunes.js?body=1" for 127.0.0.1 at 2012-10-10 20:06:19 +0200
Served asset /fortunes.js - 304 Not Modified (0ms)


Started GET "/fortunes?utf8=%E2%9C%93&search=d" for 127.0.0.1 at 2012-10-10 20:06:26 +0200
  Processing by FortunesController#index as HTML
  Parameters: {"utf8"=>"✓", "search"=>"d"}
  [1m[36mFortune Load (0.1ms)[0m  [1mSELECT "fortunes".* FROM "fortunes" WHERE (quotation LIKE '%d%') ORDER BY source LIMIT 3 OFFSET 0[0m
  [1m[35m (0.1ms)[0m  SELECT COUNT(*) FROM "fortunes" WHERE (quotation LIKE '%d%')
Rendered fortunes/index.html.erb within layouts/application (7.1ms)
Completed 200 OK in 19ms (Views: 17.7ms | ActiveRecord: 0.4ms)


Started GET "/assets/application.css?body=1" for 127.0.0.1 at 2012-10-10 20:06:26 +0200
Served asset /application.css - 304 Not Modified (5ms)


Started GET "/assets/jquery.js?body=1" for 127.0.0.1 at 2012-10-10 20:06:26 +0200
Served asset /jquery.js - 304 Not Modified (0ms)


Started GET "/assets/jquery_ujs.js?body=1" for 127.0.0.1 at 2012-10-10 20:06:26 +0200
Served asset /jquery_ujs.js - 304 Not Modified (0ms)


Started GET "/assets/fortunes.js?body=1" for 127.0.0.1 at 2012-10-10 20:06:26 +0200
Served asset /fortunes.js - 304 Not Modified (0ms)


Started GET "/assets/application.js?body=1" for 127.0.0.1 at 2012-10-10 20:06:26 +0200
Served asset /application.js - 304 Not Modified (0ms)


Started GET "/" for 127.0.0.1 at 2012-10-10 20:06:30 +0200
  Processing by FortunesController#index as HTML
  [1m[36mFortune Load (0.1ms)[0m  [1mSELECT "fortunes".* FROM "fortunes" ORDER BY source LIMIT 3 OFFSET 0[0m
  [1m[35m (0.1ms)[0m  SELECT COUNT(*) FROM "fortunes" 
Rendered fortunes/index.html.erb within layouts/application (19.2ms)
Completed 200 OK in 31ms (Views: 29.5ms | ActiveRecord: 0.7ms)


Started GET "/assets/application.css?body=1" for 127.0.0.1 at 2012-10-10 20:06:30 +0200
Served asset /application.css - 304 Not Modified (3ms)


Started GET "/assets/jquery.js?body=1" for 127.0.0.1 at 2012-10-10 20:06:30 +0200
Served asset /jquery.js - 304 Not Modified (0ms)


Started GET "/assets/jquery_ujs.js?body=1" for 127.0.0.1 at 2012-10-10 20:06:30 +0200
Served asset /jquery_ujs.js - 304 Not Modified (0ms)


Started GET "/assets/fortunes.js?body=1" for 127.0.0.1 at 2012-10-10 20:06:30 +0200
Served asset /fortunes.js - 304 Not Modified (0ms)


Started GET "/assets/application.js?body=1" for 127.0.0.1 at 2012-10-10 20:06:30 +0200
Served asset /application.js - 304 Not Modified (0ms)


Started GET "/" for 127.0.0.1 at 2012-10-10 20:25:46 +0200
  Processing by FortunesController#index as HTML
  [1m[36mFortune Load (0.2ms)[0m  [1mSELECT "fortunes".* FROM "fortunes" ORDER BY source LIMIT 3 OFFSET 0[0m
  [1m[35m (0.1ms)[0m  SELECT COUNT(*) FROM "fortunes" 
Rendered fortunes/index.html.erb within layouts/application (19.8ms)
Completed 200 OK in 33ms (Views: 30.8ms | ActiveRecord: 0.7ms)


Started GET "/assets/application.css?body=1" for 127.0.0.1 at 2012-10-10 20:25:46 +0200
Served asset /application.css - 304 Not Modified (2ms)


Started GET "/assets/jquery.js?body=1" for 127.0.0.1 at 2012-10-10 20:25:46 +0200
Served asset /jquery.js - 304 Not Modified (0ms)


Started GET "/assets/jquery_ujs.js?body=1" for 127.0.0.1 at 2012-10-10 20:25:46 +0200
Served asset /jquery_ujs.js - 304 Not Modified (0ms)


Started GET "/assets/fortunes.js?body=1" for 127.0.0.1 at 2012-10-10 20:25:46 +0200
Served asset /fortunes.js - 304 Not Modified (0ms)


Started GET "/assets/application.js?body=1" for 127.0.0.1 at 2012-10-10 20:25:46 +0200
Served asset /application.js - 304 Not Modified (0ms)


Started GET "/" for 127.0.0.1 at 2012-10-15 08:41:56 +0200
  Processing by FortunesController#index as HTML
  [1m[36mFortune Load (0.3ms)[0m  [1mSELECT "fortunes".* FROM "fortunes" ORDER BY source LIMIT 3 OFFSET 0[0m
  [1m[35m (0.1ms)[0m  SELECT COUNT(*) FROM "fortunes" 
Rendered fortunes/index.html.erb within layouts/application (221.0ms)
Completed 200 OK in 1915ms (Views: 1913.2ms | ActiveRecord: 0.6ms)


Started GET "/assets/application.css?body=1" for 127.0.0.1 at 2012-10-15 08:42:00 +0200
Served asset /application.css - 304 Not Modified (3ms)


Started GET "/assets/jquery.js?body=1" for 127.0.0.1 at 2012-10-15 08:42:00 +0200
Served asset /jquery.js - 304 Not Modified (85ms)


Started GET "/assets/application.js?body=1" for 127.0.0.1 at 2012-10-15 08:42:00 +0200
Served asset /application.js - 304 Not Modified (1ms)


Started GET "/assets/jquery_ujs.js?body=1" for 127.0.0.1 at 2012-10-15 08:42:00 +0200
Served asset /jquery_ujs.js - 304 Not Modified (2ms)


Started GET "/assets/fortunes.js?body=1" for 127.0.0.1 at 2012-10-15 08:42:00 +0200
Served asset /fortunes.js - 304 Not Modified (2ms)


Started GET "/fortunes/new" for 127.0.0.1 at 2012-10-15 08:42:07 +0200
  Processing by FortunesController#new as HTML
Rendered fortunes/_form.html.erb (17.6ms)
Rendered fortunes/new.html.erb within layouts/application (39.4ms)
Completed 200 OK in 91ms (Views: 89.9ms | ActiveRecord: 0.4ms)


Started GET "/assets/application.css?body=1" for 127.0.0.1 at 2012-10-15 08:42:07 +0200
Served asset /application.css - 304 Not Modified (3ms)


Started GET "/assets/jquery_ujs.js?body=1" for 127.0.0.1 at 2012-10-15 08:42:07 +0200
Served asset /jquery_ujs.js - 304 Not Modified (0ms)


Started GET "/assets/fortunes.js?body=1" for 127.0.0.1 at 2012-10-15 08:42:07 +0200
Served asset /fortunes.js - 304 Not Modified (0ms)


Started GET "/assets/application.js?body=1" for 127.0.0.1 at 2012-10-15 08:42:07 +0200
Served asset /application.js - 304 Not Modified (0ms)


Started GET "/assets/jquery.js?body=1" for 127.0.0.1 at 2012-10-15 08:42:07 +0200
Served asset /jquery.js - 304 Not Modified (0ms)


Started POST "/fortunes" for 127.0.0.1 at 2012-10-15 08:42:19 +0200
  Processing by FortunesController#create as HTML
  Parameters: {"utf8"=>"✓", "authenticity_token"=>"16K7Oa5HXBKRe+pRfVUGi8ZJmjWOxuoayawr1zeYZUc=", "fortune"=>{"quotation"=>"redgfd", "source"=>"sfdsdf"}, "commit"=>"Create Fortune"}
  [1m[36mSQL (117.7ms)[0m  [1mINSERT INTO "fortunes" ("created_at", "quotation", "source", "updated_at") VALUES (?, ?, ?, ?)[0m  [["created_at", Mon, 15 Oct 2012 06:42:20 UTC +00:00], ["quotation", "redgfd"], ["source", "sfdsdf"], ["updated_at", Mon, 15 Oct 2012 06:42:20 UTC +00:00]]
Redirected to http://localhost:3000/fortunes/7
Completed 302 Found in 663ms


Started GET "/fortunes/7" for 127.0.0.1 at 2012-10-15 08:42:20 +0200
  Processing by FortunesController#show as HTML
  Parameters: {"id"=>"7"}
  [1m[35mFortune Load (0.2ms)[0m  SELECT "fortunes".* FROM "fortunes" WHERE "fortunes"."id" = ? LIMIT 1  [["id", "7"]]
Rendered fortunes/show.html.erb within layouts/application (19.1ms)
Completed 200 OK in 64ms (Views: 61.5ms | ActiveRecord: 0.5ms)


Started GET "/assets/application.css?body=1" for 127.0.0.1 at 2012-10-15 08:42:22 +0200
Served asset /application.css - 304 Not Modified (3ms)


Started GET "/assets/jquery.js?body=1" for 127.0.0.1 at 2012-10-15 08:42:22 +0200
Served asset /jquery.js - 304 Not Modified (0ms)


Started GET "/assets/fortunes.js?body=1" for 127.0.0.1 at 2012-10-15 08:42:22 +0200
Served asset /fortunes.js - 304 Not Modified (0ms)


Started GET "/assets/jquery_ujs.js?body=1" for 127.0.0.1 at 2012-10-15 08:42:22 +0200
Served asset /jquery_ujs.js - 304 Not Modified (0ms)


Started GET "/assets/application.js?body=1" for 127.0.0.1 at 2012-10-15 08:42:22 +0200
Served asset /application.js - 304 Not Modified (0ms)


Started GET "/fortunes" for 127.0.0.1 at 2012-10-15 08:42:25 +0200
  Processing by FortunesController#index as HTML
  [1m[36mFortune Load (0.2ms)[0m  [1mSELECT "fortunes".* FROM "fortunes" ORDER BY source LIMIT 3 OFFSET 0[0m
  [1m[35m (0.1ms)[0m  SELECT COUNT(*) FROM "fortunes" 
Rendered fortunes/index.html.erb within layouts/application (20.8ms)
Completed 200 OK in 32ms (Views: 30.9ms | ActiveRecord: 0.7ms)


Started GET "/assets/application.css?body=1" for 127.0.0.1 at 2012-10-15 08:42:26 +0200
Served asset /application.css - 304 Not Modified (3ms)


Started GET "/assets/jquery.js?body=1" for 127.0.0.1 at 2012-10-15 08:42:26 +0200
Served asset /jquery.js - 304 Not Modified (0ms)


Started GET "/assets/fortunes.js?body=1" for 127.0.0.1 at 2012-10-15 08:42:26 +0200
Served asset /fortunes.js - 304 Not Modified (0ms)


Started GET "/assets/jquery_ujs.js?body=1" for 127.0.0.1 at 2012-10-15 08:42:26 +0200
Served asset /jquery_ujs.js - 304 Not Modified (0ms)


Started GET "/assets/application.js?body=1" for 127.0.0.1 at 2012-10-15 08:42:26 +0200
Served asset /application.js - 304 Not Modified (0ms)


Started GET "/fortunes/new" for 127.0.0.1 at 2012-10-15 08:42:47 +0200
  Processing by FortunesController#new as HTML
Rendered fortunes/_form.html.erb (10.9ms)
Rendered fortunes/new.html.erb within layouts/application (12.3ms)
Completed 200 OK in 25ms (Views: 23.5ms | ActiveRecord: 0.3ms)


Started GET "/assets/application.css?body=1" for 127.0.0.1 at 2012-10-15 08:42:47 +0200
Served asset /application.css - 304 Not Modified (37ms)


Started GET "/assets/jquery.js?body=1" for 127.0.0.1 at 2012-10-15 08:42:47 +0200
Served asset /jquery.js - 304 Not Modified (0ms)


Started GET "/assets/application.js?body=1" for 127.0.0.1 at 2012-10-15 08:42:47 +0200
Served asset /application.js - 304 Not Modified (0ms)


Started GET "/assets/jquery_ujs.js?body=1" for 127.0.0.1 at 2012-10-15 08:42:47 +0200
Served asset /jquery_ujs.js - 304 Not Modified (0ms)


Started GET "/assets/fortunes.js?body=1" for 127.0.0.1 at 2012-10-15 08:42:47 +0200
Served asset /fortunes.js - 304 Not Modified (0ms)


Started POST "/fortunes" for 127.0.0.1 at 2012-10-15 08:43:11 +0200
  Processing by FortunesController#create as HTML
  Parameters: {"utf8"=>"✓", "authenticity_token"=>"16K7Oa5HXBKRe+pRfVUGi8ZJmjWOxuoayawr1zeYZUc=", "fortune"=>{"quotation"=>"gdfg", "source"=>"gdfgf"}, "commit"=>"Create Fortune"}
  [1m[36mSQL (0.5ms)[0m  [1mINSERT INTO "fortunes" ("created_at", "quotation", "source", "updated_at") VALUES (?, ?, ?, ?)[0m  [["created_at", Mon, 15 Oct 2012 06:43:11 UTC +00:00], ["quotation", "gdfg"], ["source", "gdfgf"], ["updated_at", Mon, 15 Oct 2012 06:43:11 UTC +00:00]]
Redirected to http://localhost:3000/fortunes/8
Completed 302 Found in 320ms


Started GET "/fortunes/8" for 127.0.0.1 at 2012-10-15 08:43:11 +0200
  Processing by FortunesController#show as HTML
  Parameters: {"id"=>"8"}
  [1m[35mFortune Load (0.2ms)[0m  SELECT "fortunes".* FROM "fortunes" WHERE "fortunes"."id" = ? LIMIT 1  [["id", "8"]]
Rendered fortunes/show.html.erb within layouts/application (9.7ms)
Completed 200 OK in 24ms (Views: 21.0ms | ActiveRecord: 0.6ms)


Started GET "/assets/application.css?body=1" for 127.0.0.1 at 2012-10-15 08:43:12 +0200
Served asset /application.css - 304 Not Modified (3ms)


Started GET "/assets/jquery_ujs.js?body=1" for 127.0.0.1 at 2012-10-15 08:43:12 +0200
Served asset /jquery_ujs.js - 304 Not Modified (0ms)


Started GET "/assets/fortunes.js?body=1" for 127.0.0.1 at 2012-10-15 08:43:12 +0200
Served asset /fortunes.js - 304 Not Modified (0ms)


Started GET "/assets/application.js?body=1" for 127.0.0.1 at 2012-10-15 08:43:12 +0200
Served asset /application.js - 304 Not Modified (0ms)


Started GET "/assets/jquery.js?body=1" for 127.0.0.1 at 2012-10-15 08:43:12 +0200
Served asset /jquery.js - 304 Not Modified (0ms)


Started GET "/fortunes" for 127.0.0.1 at 2012-10-15 08:43:16 +0200
  Processing by FortunesController#index as HTML
  [1m[36mFortune Load (0.2ms)[0m  [1mSELECT "fortunes".* FROM "fortunes" ORDER BY source LIMIT 3 OFFSET 0[0m
  [1m[35m (0.2ms)[0m  SELECT COUNT(*) FROM "fortunes" 
Rendered fortunes/index.html.erb within layouts/application (214.4ms)
Completed 200 OK in 229ms (Views: 227.3ms | ActiveRecord: 0.7ms)


Started GET "/assets/application.css?body=1" for 127.0.0.1 at 2012-10-15 08:43:17 +0200
Served asset /application.css - 304 Not Modified (2ms)


Started GET "/assets/jquery.js?body=1" for 127.0.0.1 at 2012-10-15 08:43:17 +0200
Served asset /jquery.js - 304 Not Modified (0ms)


Started GET "/assets/application.js?body=1" for 127.0.0.1 at 2012-10-15 08:43:17 +0200
Served asset /application.js - 304 Not Modified (0ms)


Started GET "/assets/jquery_ujs.js?body=1" for 127.0.0.1 at 2012-10-15 08:43:17 +0200
Served asset /jquery_ujs.js - 304 Not Modified (0ms)


Started GET "/assets/fortunes.js?body=1" for 127.0.0.1 at 2012-10-15 08:43:17 +0200
Served asset /fortunes.js - 304 Not Modified (0ms)


Started GET "/fortunes?page=2" for 127.0.0.1 at 2012-10-15 08:43:51 +0200
  Processing by FortunesController#index as HTML
  Parameters: {"page"=>"2"}
  [1m[36mFortune Load (0.2ms)[0m  [1mSELECT "fortunes".* FROM "fortunes" ORDER BY source LIMIT 3 OFFSET 3[0m
  [1m[35m (0.2ms)[0m  SELECT COUNT(*) FROM "fortunes" 
Rendered fortunes/index.html.erb within layouts/application (116.0ms)
Completed 200 OK in 128ms (Views: 126.4ms | ActiveRecord: 0.8ms)


Started GET "/assets/application.css?body=1" for 127.0.0.1 at 2012-10-15 08:43:51 +0200
Served asset /application.css - 304 Not Modified (3ms)


Started GET "/assets/jquery.js?body=1" for 127.0.0.1 at 2012-10-15 08:43:51 +0200
Served asset /jquery.js - 304 Not Modified (0ms)


Started GET "/assets/fortunes.js?body=1" for 127.0.0.1 at 2012-10-15 08:43:51 +0200
Served asset /fortunes.js - 304 Not Modified (0ms)


Started GET "/assets/jquery_ujs.js?body=1" for 127.0.0.1 at 2012-10-15 08:43:51 +0200
Served asset /jquery_ujs.js - 304 Not Modified (0ms)


Started GET "/assets/application.js?body=1" for 127.0.0.1 at 2012-10-15 08:43:51 +0200
Served asset /application.js - 304 Not Modified (0ms)


Started GET "/" for 127.0.0.1 at 2012-10-15 08:44:02 +0200
  Processing by FortunesController#index as HTML
  [1m[36mFortune Load (0.2ms)[0m  [1mSELECT "fortunes".* FROM "fortunes" ORDER BY source LIMIT 3 OFFSET 0[0m
  [1m[35m (0.1ms)[0m  SELECT COUNT(*) FROM "fortunes" 
Rendered fortunes/index.html.erb within layouts/application (27.5ms)
Completed 200 OK in 39ms (Views: 37.8ms | ActiveRecord: 0.7ms)


Started GET "/assets/application.css?body=1" for 127.0.0.1 at 2012-10-15 08:44:03 +0200
Served asset /application.css - 304 Not Modified (3ms)


Started GET "/assets/jquery_ujs.js?body=1" for 127.0.0.1 at 2012-10-15 08:44:03 +0200
Served asset /jquery_ujs.js - 304 Not Modified (0ms)


Started GET "/assets/jquery.js?body=1" for 127.0.0.1 at 2012-10-15 08:44:03 +0200
Served asset /jquery.js - 304 Not Modified (0ms)


Started GET "/assets/fortunes.js?body=1" for 127.0.0.1 at 2012-10-15 08:44:03 +0200
Served asset /fortunes.js - 304 Not Modified (0ms)


Started GET "/assets/application.js?body=1" for 127.0.0.1 at 2012-10-15 08:44:03 +0200
Served asset /application.js - 304 Not Modified (0ms)


Started GET "/" for 127.0.0.1 at 2012-10-15 22:47:35 +0200
  Processing by FortunesController#index as HTML
  [1m[36mFortune Load (0.3ms)[0m  [1mSELECT "fortunes".* FROM "fortunes" ORDER BY source LIMIT 3 OFFSET 0[0m
  [1m[35m (0.1ms)[0m  SELECT COUNT(*) FROM "fortunes" 
Rendered fortunes/index.html.erb within layouts/application (76.6ms)
Compiled application.css  (29ms)  (pid 2212)
Compiled fortunes.css  (12ms)  (pid 2212)
Compiled fortunes.css  (15ms)  (pid 2212)
Compiled layout.css  (10ms)  (pid 2212)
Compiled postamble.css  (34ms)  (pid 2212)
Compiled preamble.css  (98ms)  (pid 2212)
Compiled scaffold.css  (0ms)  (pid 2212)
Compiled scaffolds.css  (16ms)  (pid 2212)
Compiled simple-scaffold.css  (18ms)  (pid 2212)
Completed 200 OK in 562ms (Views: 560.7ms | ActiveRecord: 0.6ms)


Started GET "/assets/application.css?body=1" for 127.0.0.1 at 2012-10-15 22:47:36 +0200
Served asset /application.css - 200 OK (5ms)


Started GET "/assets/layout.css?body=1" for 127.0.0.1 at 2012-10-15 22:47:36 +0200
Served asset /layout.css - 200 OK (39ms)


Started GET "/assets/preamble.css?body=1" for 127.0.0.1 at 2012-10-15 22:47:36 +0200
Served asset /preamble.css - 200 OK (6ms)


Started GET "/assets/fortunes.css?body=1" for 127.0.0.1 at 2012-10-15 22:47:36 +0200
Served asset /fortunes.css - 200 OK (6ms)


Started GET "/assets/scaffolds.css?body=1" for 127.0.0.1 at 2012-10-15 22:47:36 +0200
Served asset /scaffolds.css - 200 OK (2ms)


Started GET "/assets/postamble.css?body=1" for 127.0.0.1 at 2012-10-15 22:47:36 +0200
Served asset /postamble.css - 200 OK (2ms)


Started GET "/assets/scaffold.css?body=1" for 127.0.0.1 at 2012-10-15 22:47:36 +0200
Served asset /scaffold.css - 200 OK (3ms)


Started GET "/assets/simple-scaffold.css?body=1" for 127.0.0.1 at 2012-10-15 22:47:36 +0200
Served asset /simple-scaffold.css - 200 OK (5ms)


Started GET "/assets/jquery.js?body=1" for 127.0.0.1 at 2012-10-15 22:47:36 +0200
Served asset /jquery.js - 200 OK (3ms)


Started GET "/assets/jquery_ujs.js?body=1" for 127.0.0.1 at 2012-10-15 22:47:36 +0200
Served asset /jquery_ujs.js - 200 OK (3ms)


Started GET "/assets/fortunes.js?body=1" for 127.0.0.1 at 2012-10-15 22:47:36 +0200
Served asset /fortunes.js - 200 OK (2ms)


Started GET "/assets/application.js?body=1" for 127.0.0.1 at 2012-10-15 22:47:36 +0200
Served asset /application.js - 200 OK (0ms)


Started GET "/fortunes?page=2" for 127.0.0.1 at 2012-10-15 22:47:41 +0200
  Processing by FortunesController#index as HTML
  Parameters: {"page"=>"2"}
  [1m[36mFortune Load (0.2ms)[0m  [1mSELECT "fortunes".* FROM "fortunes" ORDER BY source LIMIT 3 OFFSET 3[0m
  [1m[35m (0.1ms)[0m  SELECT COUNT(*) FROM "fortunes" 
Rendered fortunes/index.html.erb within layouts/application (45.3ms)
Completed 200 OK in 64ms (Views: 62.0ms | ActiveRecord: 0.7ms)


Started GET "/assets/fortunes.css?body=1" for 127.0.0.1 at 2012-10-15 22:47:41 +0200
Served asset /fortunes.css - 304 Not Modified (0ms)


Started GET "/assets/layout.css?body=1" for 127.0.0.1 at 2012-10-15 22:47:41 +0200
Served asset /layout.css - 304 Not Modified (0ms)


Started GET "/assets/preamble.css?body=1" for 127.0.0.1 at 2012-10-15 22:47:41 +0200
Served asset /preamble.css - 304 Not Modified (0ms)


Started GET "/assets/postamble.css?body=1" for 127.0.0.1 at 2012-10-15 22:47:41 +0200
Served asset /postamble.css - 304 Not Modified (0ms)


Started GET "/assets/application.css?body=1" for 127.0.0.1 at 2012-10-15 22:47:41 +0200
Served asset /application.css - 304 Not Modified (6ms)


Started GET "/assets/scaffold.css?body=1" for 127.0.0.1 at 2012-10-15 22:47:41 +0200
Served asset /scaffold.css - 304 Not Modified (0ms)


Started GET "/assets/scaffolds.css?body=1" for 127.0.0.1 at 2012-10-15 22:47:41 +0200
Served asset /scaffolds.css - 304 Not Modified (0ms)


Started GET "/assets/simple-scaffold.css?body=1" for 127.0.0.1 at 2012-10-15 22:47:42 +0200
Served asset /simple-scaffold.css - 304 Not Modified (0ms)


Started GET "/assets/jquery.js?body=1" for 127.0.0.1 at 2012-10-15 22:47:42 +0200
Served asset /jquery.js - 304 Not Modified (0ms)


Started GET "/assets/jquery_ujs.js?body=1" for 127.0.0.1 at 2012-10-15 22:47:42 +0200
Served asset /jquery_ujs.js - 304 Not Modified (0ms)


Started GET "/assets/fortunes.js?body=1" for 127.0.0.1 at 2012-10-15 22:47:42 +0200
Served asset /fortunes.js - 304 Not Modified (0ms)


Started GET "/assets/application.js?body=1" for 127.0.0.1 at 2012-10-15 22:47:42 +0200
Served asset /application.js - 304 Not Modified (0ms)


Started GET "/fortunes/new" for 127.0.0.1 at 2012-10-15 22:47:45 +0200
  Processing by FortunesController#new as HTML
Rendered fortunes/_form.html.erb (11.4ms)
Rendered fortunes/new.html.erb within layouts/application (13.3ms)
Completed 200 OK in 31ms (Views: 29.5ms | ActiveRecord: 0.3ms)


Started GET "/assets/application.css?body=1" for 127.0.0.1 at 2012-10-15 22:47:45 +0200
Served asset /application.css - 304 Not Modified (4ms)


Started GET "/assets/fortunes.css?body=1" for 127.0.0.1 at 2012-10-15 22:47:45 +0200
Served asset /fortunes.css - 304 Not Modified (0ms)


Started GET "/assets/layout.css?body=1" for 127.0.0.1 at 2012-10-15 22:47:45 +0200
Served asset /layout.css - 304 Not Modified (0ms)


Started GET "/assets/postamble.css?body=1" for 127.0.0.1 at 2012-10-15 22:47:45 +0200
Served asset /postamble.css - 304 Not Modified (0ms)


Started GET "/assets/scaffold.css?body=1" for 127.0.0.1 at 2012-10-15 22:47:45 +0200
Served asset /scaffold.css - 304 Not Modified (0ms)


Started GET "/assets/preamble.css?body=1" for 127.0.0.1 at 2012-10-15 22:47:45 +0200
Served asset /preamble.css - 304 Not Modified (0ms)


Started GET "/assets/scaffolds.css?body=1" for 127.0.0.1 at 2012-10-15 22:47:45 +0200
Served asset /scaffolds.css - 304 Not Modified (0ms)


Started GET "/assets/simple-scaffold.css?body=1" for 127.0.0.1 at 2012-10-15 22:47:45 +0200
Served asset /simple-scaffold.css - 304 Not Modified (0ms)


Started GET "/assets/jquery_ujs.js?body=1" for 127.0.0.1 at 2012-10-15 22:47:45 +0200
Served asset /jquery_ujs.js - 304 Not Modified (0ms)


Started GET "/assets/fortunes.js?body=1" for 127.0.0.1 at 2012-10-15 22:47:45 +0200
Served asset /fortunes.js - 304 Not Modified (0ms)


Started GET "/assets/jquery.js?body=1" for 127.0.0.1 at 2012-10-15 22:47:45 +0200
Served asset /jquery.js - 304 Not Modified (0ms)


Started GET "/assets/application.js?body=1" for 127.0.0.1 at 2012-10-15 22:47:45 +0200
Served asset /application.js - 304 Not Modified (0ms)


Started POST "/fortunes" for 127.0.0.1 at 2012-10-15 22:47:49 +0200
  Processing by FortunesController#create as HTML
  Parameters: {"utf8"=>"✓", "authenticity_token"=>"16K7Oa5HXBKRe+pRfVUGi8ZJmjWOxuoayawr1zeYZUc=", "fortune"=>{"quotation"=>"bgcbc", "source"=>"vsd"}, "commit"=>"Create Fortune"}
  [1m[36mSQL (33.3ms)[0m  [1mINSERT INTO "fortunes" ("created_at", "quotation", "source", "updated_at") VALUES (?, ?, ?, ?)[0m  [["created_at", Mon, 15 Oct 2012 20:47:49 UTC +00:00], ["quotation", "bgcbc"], ["source", "vsd"], ["updated_at", Mon, 15 Oct 2012 20:47:49 UTC +00:00]]
Redirected to http://localhost:3000/fortunes/9
Completed 302 Found in 317ms


Started GET "/fortunes/9" for 127.0.0.1 at 2012-10-15 22:47:49 +0200
  Processing by FortunesController#show as HTML
  Parameters: {"id"=>"9"}
  [1m[35mFortune Load (0.2ms)[0m  SELECT "fortunes".* FROM "fortunes" WHERE "fortunes"."id" = ? LIMIT 1  [["id", "9"]]
Rendered fortunes/show.html.erb within layouts/application (9.7ms)
Completed 200 OK in 59ms (Views: 56.5ms | ActiveRecord: 0.5ms)


Started GET "/assets/application.css?body=1" for 127.0.0.1 at 2012-10-15 22:47:49 +0200
Served asset /application.css - 304 Not Modified (2ms)


Started GET "/assets/layout.css?body=1" for 127.0.0.1 at 2012-10-15 22:47:49 +0200
Served asset /layout.css - 304 Not Modified (0ms)


Started GET "/assets/fortunes.css?body=1" for 127.0.0.1 at 2012-10-15 22:47:49 +0200
Served asset /fortunes.css - 304 Not Modified (0ms)


Started GET "/assets/preamble.css?body=1" for 127.0.0.1 at 2012-10-15 22:47:49 +0200
Served asset /preamble.css - 304 Not Modified (0ms)


Started GET "/assets/scaffold.css?body=1" for 127.0.0.1 at 2012-10-15 22:47:49 +0200
Served asset /scaffold.css - 304 Not Modified (0ms)


Started GET "/assets/postamble.css?body=1" for 127.0.0.1 at 2012-10-15 22:47:49 +0200
Served asset /postamble.css - 304 Not Modified (0ms)


Started GET "/assets/scaffolds.css?body=1" for 127.0.0.1 at 2012-10-15 22:47:49 +0200
Served asset /scaffolds.css - 304 Not Modified (0ms)


Started GET "/assets/simple-scaffold.css?body=1" for 127.0.0.1 at 2012-10-15 22:47:49 +0200
Served asset /simple-scaffold.css - 304 Not Modified (0ms)


Started GET "/assets/jquery.js?body=1" for 127.0.0.1 at 2012-10-15 22:47:49 +0200
Served asset /jquery.js - 304 Not Modified (0ms)


Started GET "/assets/jquery_ujs.js?body=1" for 127.0.0.1 at 2012-10-15 22:47:49 +0200
Served asset /jquery_ujs.js - 304 Not Modified (0ms)


Started GET "/assets/fortunes.js?body=1" for 127.0.0.1 at 2012-10-15 22:47:49 +0200
Served asset /fortunes.js - 304 Not Modified (0ms)


Started GET "/assets/application.js?body=1" for 127.0.0.1 at 2012-10-15 22:47:49 +0200
Served asset /application.js - 304 Not Modified (0ms)


Started GET "/fortunes" for 127.0.0.1 at 2012-10-15 22:47:52 +0200
  Processing by FortunesController#index as HTML
  [1m[36mFortune Load (0.2ms)[0m  [1mSELECT "fortunes".* FROM "fortunes" ORDER BY source LIMIT 3 OFFSET 0[0m
  [1m[35m (0.2ms)[0m  SELECT COUNT(*) FROM "fortunes" 
Rendered fortunes/index.html.erb within layouts/application (27.9ms)
Completed 200 OK in 46ms (Views: 44.5ms | ActiveRecord: 0.7ms)


Started GET "/assets/application.css?body=1" for 127.0.0.1 at 2012-10-15 22:47:52 +0200
Served asset /application.css - 304 Not Modified (2ms)


Started GET "/assets/layout.css?body=1" for 127.0.0.1 at 2012-10-15 22:47:52 +0200
Served asset /layout.css - 304 Not Modified (0ms)


Started GET "/assets/postamble.css?body=1" for 127.0.0.1 at 2012-10-15 22:47:52 +0200
Served asset /postamble.css - 304 Not Modified (0ms)


Started GET "/assets/scaffold.css?body=1" for 127.0.0.1 at 2012-10-15 22:47:52 +0200
Served asset /scaffold.css - 304 Not Modified (0ms)


Started GET "/assets/fortunes.css?body=1" for 127.0.0.1 at 2012-10-15 22:47:52 +0200
Served asset /fortunes.css - 304 Not Modified (0ms)


Started GET "/assets/preamble.css?body=1" for 127.0.0.1 at 2012-10-15 22:47:52 +0200
Served asset /preamble.css - 304 Not Modified (0ms)


Started GET "/assets/scaffolds.css?body=1" for 127.0.0.1 at 2012-10-15 22:47:52 +0200
Served asset /scaffolds.css - 304 Not Modified (0ms)


Started GET "/assets/simple-scaffold.css?body=1" for 127.0.0.1 at 2012-10-15 22:47:52 +0200
Served asset /simple-scaffold.css - 304 Not Modified (0ms)


Started GET "/assets/jquery.js?body=1" for 127.0.0.1 at 2012-10-15 22:47:52 +0200
Served asset /jquery.js - 304 Not Modified (0ms)


Started GET "/assets/jquery_ujs.js?body=1" for 127.0.0.1 at 2012-10-15 22:47:52 +0200
Served asset /jquery_ujs.js - 304 Not Modified (0ms)


Started GET "/assets/fortunes.js?body=1" for 127.0.0.1 at 2012-10-15 22:47:52 +0200
Served asset /fortunes.js - 304 Not Modified (0ms)


Started GET "/assets/application.js?body=1" for 127.0.0.1 at 2012-10-15 22:47:52 +0200
Served asset /application.js - 304 Not Modified (0ms)
